<?xml version="1.0" encoding="UTF-8"?>
<!-- Generated by org.testng.reporters.JUnitReportReporter -->
<testsuite hostname="PC" failures="0" tests="1" name="Project.Login" time="19.882" errors="0" timestamp="2024-10-30T16:27:01 ICT" skipped="0">
  <testcase classname="Project.Login" name="pickPCA" time="19.882"/>
  <system-out/>
</testsuite> <!-- Project.Login -->
