<?xml version="1.0" encoding="UTF-8"?>
<!-- Generated by org.testng.reporters.JUnitReportReporter -->
<testsuite hostname="PC" failures="0" tests="1" name="Test.SignInTest" time="12.060" errors="0" timestamp="2024-11-01T14:54:53 ICT" skipped="0">
  <testcase classname="Test.SignInTest" name="start" time="12.060"/>
  <system-out/>
</testsuite> <!-- Test.SignInTest -->
